[debug] [2021-06-03T22:48:34.498Z] ----------------------------------------------------------------------
[debug] [2021-06-03T22:48:34.500Z] Command:       C:\Program Files\nodejs\node.exe C:\Users\Shubham\AppData\Roaming\npm\node_modules\firebase-tools\lib\bin\firebase.js init
[debug] [2021-06-03T22:48:34.500Z] CLI Version:   9.12.1
[debug] [2021-06-03T22:48:34.500Z] Platform:      win32
[debug] [2021-06-03T22:48:34.500Z] Node Version:  v14.15.4
[debug] [2021-06-03T22:48:34.501Z] Time:          Fri Jun 04 2021 04:18:34 GMT+0530 (India Standard Time)
[debug] [2021-06-03T22:48:34.501Z] ----------------------------------------------------------------------
[debug] 
[debug] [2021-06-03T22:48:34.507Z] > command requires scopes: ["email","openid","https://www.googleapis.com/auth/cloudplatformprojects.readonly","https://www.googleapis.com/auth/firebase","https://www.googleapis.com/auth/cloud-platform"]
[debug] [2021-06-03T22:48:34.507Z] > authorizing via signed-in user (subhamkumar123hzb@gmail.com)
[info] 
     ######## #### ########  ######## ########     ###     ######  ########
     ##        ##  ##     ## ##       ##     ##  ##   ##  ##       ##
     ######    ##  ########  ######   ########  #########  ######  ######
     ##        ##  ##    ##  ##       ##     ## ##     ##       ## ##
     ##       #### ##     ## ######## ########  ##     ##  ######  ########

You're about to initialize a Firebase project in this directory:

  D:\Whatsapp__Clone-master\Whatsapp__Clone-master

Before we get started, keep in mind:

  * You are initializing in an existing Firebase project directory

[info] 
=== Project Setup
[info] 
[info] First, let's associate this project directory with a Firebase project.
[info] You can create multiple project aliases by running firebase use --add, 
[info] but for now we'll just set up a default project.
[info] 
[info] i  .firebaserc already has a default project, using whatsapp-clone-20022. 
[debug] [2021-06-03T22:49:38.563Z] >>> [apiv2][query] GET https://firebase.googleapis.com/v1beta1/projects/whatsapp-clone-20022 [none]
[debug] [2021-06-03T22:49:43.003Z] <<< [apiv2][status] GET https://firebase.googleapis.com/v1beta1/projects/whatsapp-clone-20022 200
[debug] [2021-06-03T22:49:43.004Z] <<< [apiv2][body] GET https://firebase.googleapis.com/v1beta1/projects/whatsapp-clone-20022 {"projectId":"whatsapp-clone-20022","projectNumber":"31531566400","displayName":"whatsapp clone","name":"projects/whatsapp-clone-20022","resources":{"hostingSite":"whatsapp-clone-20022","storageBucket":"whatsapp-clone-20022.appspot.com","locationId":"us-central"},"state":"ACTIVE"}
[info] 
=== Hosting Setup
[info] 
[info] Your public directory is the folder (relative to your project directory) that
[info] will contain Hosting assets to be uploaded with firebase deploy. If you
[info] have a build process for your assets, use your build's output directory.
[info] 
[debug] [2021-06-03T22:51:11.037Z] >>> [apiv2][query] GET https://www.gstatic.com/firebasejs/releases.json [none]
[debug] [2021-06-03T22:51:11.571Z] <<< [apiv2][status] GET https://www.gstatic.com/firebasejs/releases.json 200
[debug] [2021-06-03T22:51:11.571Z] <<< [apiv2][body] GET https://www.gstatic.com/firebasejs/releases.json {"current":{"version":"8.6.4","browserURL":"https://www.gstatic.com/firebasejs/8.6.4/firebase.js","packageURL":"https://www.gstatic.com/firebasejs/8.6.4/firebase.tgz"},"live":{"version":"8.6","browserURL":"https://www.gstatic.com/firebasejs/live/8.6/firebase.js","packageURL":"https://www.gstatic.com/firebasejs/live/8.6/firebase.tgz"},"components":{"analytics":"https://www.gstatic.com/firebasejs/8.6.4/firebase-analytics.js","app":"https://www.gstatic.com/firebasejs/8.6.4/firebase-app.js","app-check":"https://www.gstatic.com/firebasejs/8.6.4/firebase-app-check.js","auth":"https://www.gstatic.com/firebasejs/8.6.4/firebase-auth.js","database":"https://www.gstatic.com/firebasejs/8.6.4/firebase-database.js","firestore":"https://www.gstatic.com/firebasejs/8.6.4/firebase-firestore.js","functions":"https://www.gstatic.com/firebasejs/8.6.4/firebase-functions.js","installations":"https://www.gstatic.com/firebasejs/8.6.4/firebase-installations.js","messaging":"https://www.gstatic.com/firebasejs/8.6.4/firebase-messaging.js","storage":"https://www.gstatic.com/firebasejs/8.6.4/firebase-storage.js","performance":"https://www.gstatic.com/firebasejs/8.6.4/firebase-performance.js","remote-config":"https://www.gstatic.com/firebasejs/8.6.4/firebase-remote-config.js","firestore.memory":"https://www.gstatic.com/firebasejs/8.6.4/firebase-firestore.memory.js"}}
[info] +  Wrote build/index.html 
[info] 
[info] i  Didn't detect a .git folder. Assuming D:\Whatsapp__Clone-master\Whatsapp__Clone-master is the project root. 
[info] i  Authorizing with GitHub to upload your service account to a GitHub repository's secrets store. 
[info] 
[info] Visit this URL on this device to log in:
[info] https://github.com/login/oauth/authorize?client_id=89cf50f02ac6aaed3484&state=83568667&redirect_uri=http%3A%2F%2Flocalhost%3A9005&scope=read%3Auser%20repo%20public_repo
[info] 
[info] Waiting for authentication...
[debug] [2021-06-03T22:51:30.125Z] >>> HTTP REQUEST POST https://github.com/login/oauth/access_token  
 {"client_id":"89cf50f02ac6aaed3484","client_secret":"3330d14abc895d9a74d5f17cd7a00711fa2c5bf0","code":"648116c8065af9c4fb13","redirect_uri":"http://localhost:9005","state":"83568667"}
[debug] [2021-06-03T22:51:30.926Z] <<< HTTP RESPONSE 200 {"server":"GitHub.com","date":"Thu, 03 Jun 2021 22:51:30 GMT","content-type":"application/json; charset=utf-8","transfer-encoding":"chunked","vary":"X-PJAX, Accept-Encoding, Accept, X-Requested-With","permissions-policy":"interest-cohort=()","etag":"W/\"43048db90d37664ffe829963695dff3b\"","cache-control":"max-age=0, private, must-revalidate","strict-transport-security":"max-age=31536000; includeSubdomains; preload","x-frame-options":"deny","x-content-type-options":"nosniff","x-xss-protection":"0","referrer-policy":"origin-when-cross-origin, strict-origin-when-cross-origin","expect-ct":"max-age=2592000, report-uri=\"https://api.github.com/_private/browser/errors\"","content-security-policy":"default-src 'none'; base-uri 'self'; block-all-mixed-content; connect-src 'self' uploads.github.com www.githubstatus.com collector.githubapp.com api.github.com github-cloud.s3.amazonaws.com github-production-repository-file-5c1aeb.s3.amazonaws.com github-production-upload-manifest-file-7fdce7.s3.amazonaws.com github-production-user-asset-6210df.s3.amazonaws.com html-translator.herokuapp.com cdn.optimizely.com logx.optimizely.com/v1/events wss://alive.github.com; font-src github.githubassets.com; form-action 'self' github.com gist.github.com; frame-ancestors 'none'; frame-src render.githubusercontent.com; img-src 'self' data: github.githubassets.com identicons.github.com collector.githubapp.com github-cloud.s3.amazonaws.com secured-user-images.githubusercontent.com/ *.githubusercontent.com; manifest-src 'self'; media-src 'none'; script-src github.githubassets.com; style-src 'unsafe-inline' github.githubassets.com; worker-src github.com/socket-worker-3f088aa2.js gist.github.com/socket-worker-3f088aa2.js","x-github-request-id":"C58D:59CD:7CA7E6:8641CD:60B95CF2"}
[debug] [2021-06-03T22:51:30.938Z] >>> [apiv2][query] GET https://api.github.com/user [none]
[debug] [2021-06-03T22:51:31.743Z] <<< [apiv2][status] GET https://api.github.com/user 200
[debug] [2021-06-03T22:51:31.744Z] <<< [apiv2][body] GET https://api.github.com/user {"login":"shubhamhere","id":78151520,"node_id":"MDQ6VXNlcjc4MTUxNTIw","avatar_url":"https://avatars.githubusercontent.com/u/78151520?v=4","gravatar_id":"","url":"https://api.github.com/users/shubhamhere","html_url":"https://github.com/shubhamhere","followers_url":"https://api.github.com/users/shubhamhere/followers","following_url":"https://api.github.com/users/shubhamhere/following{/other_user}","gists_url":"https://api.github.com/users/shubhamhere/gists{/gist_id}","starred_url":"https://api.github.com/users/shubhamhere/starred{/owner}{/repo}","subscriptions_url":"https://api.github.com/users/shubhamhere/subscriptions","organizations_url":"https://api.github.com/users/shubhamhere/orgs","repos_url":"https://api.github.com/users/shubhamhere/repos","events_url":"https://api.github.com/users/shubhamhere/events{/privacy}","received_events_url":"https://api.github.com/users/shubhamhere/received_events","type":"User","site_admin":false,"name":"subham kumar","company":"nit jamshedpur","blog":"","location":"jharkhand India","email":null,"hireable":null,"bio":"An aspiring web developer","twitter_username":null,"public_repos":29,"public_gists":0,"followers":10,"following":25,"created_at":"2021-01-28T12:24:55Z","updated_at":"2021-06-03T22:51:29Z","private_gists":0,"total_private_repos":0,"owned_private_repos":0,"disk_usage":26494,"collaborators":0,"two_factor_authentication":false,"plan":{"name":"pro","space":976562499,"collaborators":0,"private_repos":9999}}
[info] 
[info] +  Success! Logged into GitHub as shubhamhere 
[info] 
[debug] [2021-06-03T22:52:00.739Z] >>> [apiv2][query] GET https://api.github.com/repos/repository/actions/secrets/public-key type=owner
[debug] [2021-06-03T22:52:01.644Z] <<< [apiv2][status] GET https://api.github.com/repos/repository/actions/secrets/public-key 404
[debug] [2021-06-03T22:52:01.644Z] <<< [apiv2][body] GET https://api.github.com/repos/repository/actions/secrets/public-key {"message":"Not Found","documentation_url":"https://docs.github.com/rest"}
[debug] [2021-06-03T22:52:12.505Z] >>> [apiv2][query] GET https://api.github.com/repos/user/actions/secrets/public-key type=owner
[debug] [2021-06-03T22:52:13.624Z] <<< [apiv2][status] GET https://api.github.com/repos/user/actions/secrets/public-key 404
[debug] [2021-06-03T22:52:13.625Z] <<< [apiv2][body] GET https://api.github.com/repos/user/actions/secrets/public-key {"message":"Not Found","documentation_url":"https://docs.github.com/rest"}
[debug] [2021-06-03T22:52:32.849Z] >>> [apiv2][query] GET https://api.github.com/repos/no/actions/secrets/public-key type=owner
[debug] [2021-06-03T22:52:33.798Z] <<< [apiv2][status] GET https://api.github.com/repos/no/actions/secrets/public-key 404
[debug] [2021-06-03T22:52:33.798Z] <<< [apiv2][body] GET https://api.github.com/repos/no/actions/secrets/public-key {"message":"Not Found","documentation_url":"https://docs.github.com/rest"}
[debug] [2021-06-03T22:52:39.767Z] >>> [apiv2][query] GET https://api.github.com/repos/n/actions/secrets/public-key type=owner
[debug] [2021-06-03T22:52:40.864Z] <<< [apiv2][status] GET https://api.github.com/repos/n/actions/secrets/public-key 404
[debug] [2021-06-03T22:52:40.864Z] <<< [apiv2][body] GET https://api.github.com/repos/n/actions/secrets/public-key {"message":"Not Found","documentation_url":"https://docs.github.com/rest"}
